<!doctype html>
<html lang="">
<head>
    <meta charset="UTF-8">
    <meta name="viewport"
          content="width=device-width, user-scalable=no, initial-scale=1.0, maximum-scale=1.0, minimum-scale=1.0">
    <meta http-equiv="X-UA-Compatible" content="ie=edge">
    <title>Test Results Report - API_AutoFramework</title>

    <link href="reportng.css" rel="stylesheet" type="text/css"/>
</head>
<body>
<div id="meta">
Generated by <a href="http://www.testng.org" target="_blank">TestNG</a> with <a href="https://github.com/testng-team/reportng" target="_blank">ReportNG</a>
at 20:04 SGT on 星期日 25 十月 2020
    <br/><span
    id="systemInfo">www_6@Adam&nbsp;/&nbsp;Java 1.8.0_241 (Oracle Corporation)&nbsp;/&nbsp;Windows 10 10.0 (amd64)</span>
</div>
<h1>API_AutoFramework</h1>

<p>
    <a href="index.html">Suites</a>
        &#183; <a href="output.html">Log Output</a>
</p>

<p>Test duration
    : 15.231s</p>


    <table class="resultsTable">
        <tr>
            <th colspan="3" class="header failed">Failed Tests</th>
        </tr>
            <tr>
                <td class="group" colspan="3">com.qa.API_F02.tests.TestCase_002_WithToken</td>
            </tr>
    <tr>
        <td class="method">
                login
        </td>
        <td class="duration">
            2.318s
        </td>
        <td class="result">
            <!-- Display the dependencies for skipped test methods -->

                <i>Method arguments: </i>
                <span class="arguments">
                    "/api/login", "1eve.holt@reqres.in", "cityslicka"
                </span>
                <br/>

            <!-- Show logger output for the test -->

                <a href="javascript:toggleElement('exception-0', 'block')"
                   title="Click to expand/collapse">
                    <b>com.jayway.jsonpath.PathNotFoundException: No results for path: $[&apos;token&apos;]</b>
                </a>
                <br/>
                <div class="stackTrace" id="exception-0">
                        com.jayway.jsonpath.internal.path.EvaluationContextImpl.getValue(EvaluationContextImpl.java:133)<br/>
                        com.jayway.jsonpath.JsonPath.read(JsonPath.java:187)<br/>
                        com.jayway.jsonpath.internal.JsonContext.read(JsonContext.java:102)<br/>
                        com.jayway.jsonpath.internal.JsonContext.read(JsonContext.java:85)<br/>
                        com.qa.API_F02.util.TestUtil.getToken(TestUtil.java:28)<br/>
                        com.qa.API_F02.tests.TestCase_002_WithToken.login(TestCase_002_WithToken.java:70)<br/>
                        sun.reflect.NativeMethodAccessorImpl.invoke0(Native Method)<br/>
                        sun.reflect.NativeMethodAccessorImpl.invoke(NativeMethodAccessorImpl.java:62)<br/>
                        sun.reflect.DelegatingMethodAccessorImpl.invoke(DelegatingMethodAccessorImpl.java:43)<br/>
                        java.lang.reflect.Method.invoke(Method.java:498)<br/>
                        org.testng.internal.MethodInvocationHelper.invokeMethod(MethodInvocationHelper.java:132)<br/>
                        org.testng.internal.TestInvoker.invokeMethod(TestInvoker.java:599)<br/>
                        org.testng.internal.TestInvoker.invokeTestMethod(TestInvoker.java:174)<br/>
                        org.testng.internal.MethodRunner.runInSequence(MethodRunner.java:46)<br/>
                        org.testng.internal.TestInvoker$MethodInvocationAgent.invoke(TestInvoker.java:822)<br/>
                        org.testng.internal.TestInvoker.invokeTestMethods(TestInvoker.java:147)<br/>
                        org.testng.internal.TestMethodWorker.invokeTestMethods(TestMethodWorker.java:146)<br/>
                        org.testng.internal.TestMethodWorker.run(TestMethodWorker.java:128)<br/>
                        java.util.ArrayList.forEach(ArrayList.java:1257)<br/>
                        org.testng.TestRunner.privateRun(TestRunner.java:764)<br/>
                        org.testng.TestRunner.run(TestRunner.java:585)<br/>
                        org.testng.SuiteRunner.runTest(SuiteRunner.java:384)<br/>
                        org.testng.SuiteRunner.runSequentially(SuiteRunner.java:378)<br/>
                        org.testng.SuiteRunner.privateRun(SuiteRunner.java:337)<br/>
                        org.testng.SuiteRunner.run(SuiteRunner.java:286)<br/>
                        org.testng.SuiteRunnerWorker.runSuite(SuiteRunnerWorker.java:53)<br/>
                        org.testng.SuiteRunnerWorker.run(SuiteRunnerWorker.java:96)<br/>
                        org.testng.TestNG.runSuitesSequentially(TestNG.java:1218)<br/>
                        org.testng.TestNG.runSuitesLocally(TestNG.java:1140)<br/>
                        org.testng.TestNG.runSuites(TestNG.java:1069)<br/>
                        org.testng.TestNG.run(TestNG.java:1037)<br/>
                        org.testng.IDEARemoteTestNG.run(IDEARemoteTestNG.java:73)<br/>
                        org.testng.RemoteTestNGStarter.main(RemoteTestNGStarter.java:123)<br/>
                </div>
        </td>
    </tr>
    <tr>
        <td class="method">
                login
        </td>
        <td class="duration">
            1.198s
        </td>
        <td class="result">
            <!-- Display the dependencies for skipped test methods -->

                <i>Method arguments: </i>
                <span class="arguments">
                    "/api/login", "eve.holt@reqres.in01", "cityslicka"
                </span>
                <br/>

            <!-- Show logger output for the test -->

                <a href="javascript:toggleElement('exception-1', 'block')"
                   title="Click to expand/collapse">
                    <b>com.jayway.jsonpath.PathNotFoundException: No results for path: $[&apos;token&apos;]</b>
                </a>
                <br/>
                <div class="stackTrace" id="exception-1">
                        com.jayway.jsonpath.internal.path.EvaluationContextImpl.getValue(EvaluationContextImpl.java:133)<br/>
                        com.jayway.jsonpath.JsonPath.read(JsonPath.java:187)<br/>
                        com.jayway.jsonpath.internal.JsonContext.read(JsonContext.java:102)<br/>
                        com.jayway.jsonpath.internal.JsonContext.read(JsonContext.java:85)<br/>
                        com.qa.API_F02.util.TestUtil.getToken(TestUtil.java:28)<br/>
                        com.qa.API_F02.tests.TestCase_002_WithToken.login(TestCase_002_WithToken.java:70)<br/>
                        sun.reflect.NativeMethodAccessorImpl.invoke0(Native Method)<br/>
                        sun.reflect.NativeMethodAccessorImpl.invoke(NativeMethodAccessorImpl.java:62)<br/>
                        sun.reflect.DelegatingMethodAccessorImpl.invoke(DelegatingMethodAccessorImpl.java:43)<br/>
                        java.lang.reflect.Method.invoke(Method.java:498)<br/>
                        org.testng.internal.MethodInvocationHelper.invokeMethod(MethodInvocationHelper.java:132)<br/>
                        org.testng.internal.TestInvoker.invokeMethod(TestInvoker.java:599)<br/>
                        org.testng.internal.TestInvoker.invokeTestMethod(TestInvoker.java:174)<br/>
                        org.testng.internal.MethodRunner.runInSequence(MethodRunner.java:46)<br/>
                        org.testng.internal.TestInvoker$MethodInvocationAgent.invoke(TestInvoker.java:822)<br/>
                        org.testng.internal.TestInvoker.invokeTestMethods(TestInvoker.java:147)<br/>
                        org.testng.internal.TestMethodWorker.invokeTestMethods(TestMethodWorker.java:146)<br/>
                        org.testng.internal.TestMethodWorker.run(TestMethodWorker.java:128)<br/>
                        java.util.ArrayList.forEach(ArrayList.java:1257)<br/>
                        org.testng.TestRunner.privateRun(TestRunner.java:764)<br/>
                        org.testng.TestRunner.run(TestRunner.java:585)<br/>
                        org.testng.SuiteRunner.runTest(SuiteRunner.java:384)<br/>
                        org.testng.SuiteRunner.runSequentially(SuiteRunner.java:378)<br/>
                        org.testng.SuiteRunner.privateRun(SuiteRunner.java:337)<br/>
                        org.testng.SuiteRunner.run(SuiteRunner.java:286)<br/>
                        org.testng.SuiteRunnerWorker.runSuite(SuiteRunnerWorker.java:53)<br/>
                        org.testng.SuiteRunnerWorker.run(SuiteRunnerWorker.java:96)<br/>
                        org.testng.TestNG.runSuitesSequentially(TestNG.java:1218)<br/>
                        org.testng.TestNG.runSuitesLocally(TestNG.java:1140)<br/>
                        org.testng.TestNG.runSuites(TestNG.java:1069)<br/>
                        org.testng.TestNG.run(TestNG.java:1037)<br/>
                        org.testng.IDEARemoteTestNG.run(IDEARemoteTestNG.java:73)<br/>
                        org.testng.RemoteTestNGStarter.main(RemoteTestNGStarter.java:123)<br/>
                </div>
        </td>
    </tr>
    <tr>
        <td class="method">
                login
        </td>
        <td class="duration">
            1.020s
        </td>
        <td class="result">
            <!-- Display the dependencies for skipped test methods -->

                <i>Method arguments: </i>
                <span class="arguments">
                    "/api/login", "eve.holt@reqres.in02", "cityslicka"
                </span>
                <br/>

            <!-- Show logger output for the test -->

                <a href="javascript:toggleElement('exception-2', 'block')"
                   title="Click to expand/collapse">
                    <b>com.jayway.jsonpath.PathNotFoundException: No results for path: $[&apos;token&apos;]</b>
                </a>
                <br/>
                <div class="stackTrace" id="exception-2">
                        com.jayway.jsonpath.internal.path.EvaluationContextImpl.getValue(EvaluationContextImpl.java:133)<br/>
                        com.jayway.jsonpath.JsonPath.read(JsonPath.java:187)<br/>
                        com.jayway.jsonpath.internal.JsonContext.read(JsonContext.java:102)<br/>
                        com.jayway.jsonpath.internal.JsonContext.read(JsonContext.java:85)<br/>
                        com.qa.API_F02.util.TestUtil.getToken(TestUtil.java:28)<br/>
                        com.qa.API_F02.tests.TestCase_002_WithToken.login(TestCase_002_WithToken.java:70)<br/>
                        sun.reflect.NativeMethodAccessorImpl.invoke0(Native Method)<br/>
                        sun.reflect.NativeMethodAccessorImpl.invoke(NativeMethodAccessorImpl.java:62)<br/>
                        sun.reflect.DelegatingMethodAccessorImpl.invoke(DelegatingMethodAccessorImpl.java:43)<br/>
                        java.lang.reflect.Method.invoke(Method.java:498)<br/>
                        org.testng.internal.MethodInvocationHelper.invokeMethod(MethodInvocationHelper.java:132)<br/>
                        org.testng.internal.TestInvoker.invokeMethod(TestInvoker.java:599)<br/>
                        org.testng.internal.TestInvoker.invokeTestMethod(TestInvoker.java:174)<br/>
                        org.testng.internal.MethodRunner.runInSequence(MethodRunner.java:46)<br/>
                        org.testng.internal.TestInvoker$MethodInvocationAgent.invoke(TestInvoker.java:822)<br/>
                        org.testng.internal.TestInvoker.invokeTestMethods(TestInvoker.java:147)<br/>
                        org.testng.internal.TestMethodWorker.invokeTestMethods(TestMethodWorker.java:146)<br/>
                        org.testng.internal.TestMethodWorker.run(TestMethodWorker.java:128)<br/>
                        java.util.ArrayList.forEach(ArrayList.java:1257)<br/>
                        org.testng.TestRunner.privateRun(TestRunner.java:764)<br/>
                        org.testng.TestRunner.run(TestRunner.java:585)<br/>
                        org.testng.SuiteRunner.runTest(SuiteRunner.java:384)<br/>
                        org.testng.SuiteRunner.runSequentially(SuiteRunner.java:378)<br/>
                        org.testng.SuiteRunner.privateRun(SuiteRunner.java:337)<br/>
                        org.testng.SuiteRunner.run(SuiteRunner.java:286)<br/>
                        org.testng.SuiteRunnerWorker.runSuite(SuiteRunnerWorker.java:53)<br/>
                        org.testng.SuiteRunnerWorker.run(SuiteRunnerWorker.java:96)<br/>
                        org.testng.TestNG.runSuitesSequentially(TestNG.java:1218)<br/>
                        org.testng.TestNG.runSuitesLocally(TestNG.java:1140)<br/>
                        org.testng.TestNG.runSuites(TestNG.java:1069)<br/>
                        org.testng.TestNG.run(TestNG.java:1037)<br/>
                        org.testng.IDEARemoteTestNG.run(IDEARemoteTestNG.java:73)<br/>
                        org.testng.RemoteTestNGStarter.main(RemoteTestNGStarter.java:123)<br/>
                </div>
        </td>
    </tr>
    <tr>
        <td class="method">
                login
        </td>
        <td class="duration">
            1.145s
        </td>
        <td class="result">
            <!-- Display the dependencies for skipped test methods -->

                <i>Method arguments: </i>
                <span class="arguments">
                    "/api/login", "eve.holt@reqres.in1", "cityslicka"
                </span>
                <br/>

            <!-- Show logger output for the test -->

                <a href="javascript:toggleElement('exception-3', 'block')"
                   title="Click to expand/collapse">
                    <b>com.jayway.jsonpath.PathNotFoundException: No results for path: $[&apos;token&apos;]</b>
                </a>
                <br/>
                <div class="stackTrace" id="exception-3">
                        com.jayway.jsonpath.internal.path.EvaluationContextImpl.getValue(EvaluationContextImpl.java:133)<br/>
                        com.jayway.jsonpath.JsonPath.read(JsonPath.java:187)<br/>
                        com.jayway.jsonpath.internal.JsonContext.read(JsonContext.java:102)<br/>
                        com.jayway.jsonpath.internal.JsonContext.read(JsonContext.java:85)<br/>
                        com.qa.API_F02.util.TestUtil.getToken(TestUtil.java:28)<br/>
                        com.qa.API_F02.tests.TestCase_002_WithToken.login(TestCase_002_WithToken.java:70)<br/>
                        sun.reflect.NativeMethodAccessorImpl.invoke0(Native Method)<br/>
                        sun.reflect.NativeMethodAccessorImpl.invoke(NativeMethodAccessorImpl.java:62)<br/>
                        sun.reflect.DelegatingMethodAccessorImpl.invoke(DelegatingMethodAccessorImpl.java:43)<br/>
                        java.lang.reflect.Method.invoke(Method.java:498)<br/>
                        org.testng.internal.MethodInvocationHelper.invokeMethod(MethodInvocationHelper.java:132)<br/>
                        org.testng.internal.TestInvoker.invokeMethod(TestInvoker.java:599)<br/>
                        org.testng.internal.TestInvoker.invokeTestMethod(TestInvoker.java:174)<br/>
                        org.testng.internal.MethodRunner.runInSequence(MethodRunner.java:46)<br/>
                        org.testng.internal.TestInvoker$MethodInvocationAgent.invoke(TestInvoker.java:822)<br/>
                        org.testng.internal.TestInvoker.invokeTestMethods(TestInvoker.java:147)<br/>
                        org.testng.internal.TestMethodWorker.invokeTestMethods(TestMethodWorker.java:146)<br/>
                        org.testng.internal.TestMethodWorker.run(TestMethodWorker.java:128)<br/>
                        java.util.ArrayList.forEach(ArrayList.java:1257)<br/>
                        org.testng.TestRunner.privateRun(TestRunner.java:764)<br/>
                        org.testng.TestRunner.run(TestRunner.java:585)<br/>
                        org.testng.SuiteRunner.runTest(SuiteRunner.java:384)<br/>
                        org.testng.SuiteRunner.runSequentially(SuiteRunner.java:378)<br/>
                        org.testng.SuiteRunner.privateRun(SuiteRunner.java:337)<br/>
                        org.testng.SuiteRunner.run(SuiteRunner.java:286)<br/>
                        org.testng.SuiteRunnerWorker.runSuite(SuiteRunnerWorker.java:53)<br/>
                        org.testng.SuiteRunnerWorker.run(SuiteRunnerWorker.java:96)<br/>
                        org.testng.TestNG.runSuitesSequentially(TestNG.java:1218)<br/>
                        org.testng.TestNG.runSuitesLocally(TestNG.java:1140)<br/>
                        org.testng.TestNG.runSuites(TestNG.java:1069)<br/>
                        org.testng.TestNG.run(TestNG.java:1037)<br/>
                        org.testng.IDEARemoteTestNG.run(IDEARemoteTestNG.java:73)<br/>
                        org.testng.RemoteTestNGStarter.main(RemoteTestNGStarter.java:123)<br/>
                </div>
        </td>
    </tr>
    <tr>
        <td class="method">
                login
        </td>
        <td class="duration">
            1.899s
        </td>
        <td class="result">
            <!-- Display the dependencies for skipped test methods -->

                <i>Method arguments: </i>
                <span class="arguments">
                    null, null, null
                </span>
                <br/>

            <!-- Show logger output for the test -->

                <a href="javascript:toggleElement('exception-4', 'block')"
                   title="Click to expand/collapse">
                    <b>com.jayway.jsonpath.PathNotFoundException: Expected to find an object with property [&apos;token&apos;] in path $ but found &apos;java.lang.String&apos;. This is not a json object according to the JsonProvider: &apos;com.jayway.jsonpath.spi.json.JsonSmartJsonProvider&apos;.</b>
                </a>
                <br/>
                <div class="stackTrace" id="exception-4">
                        com.jayway.jsonpath.internal.path.PropertyPathToken.evaluate(PropertyPathToken.java:71)<br/>
                        com.jayway.jsonpath.internal.path.RootPathToken.evaluate(RootPathToken.java:62)<br/>
                        com.jayway.jsonpath.internal.path.CompiledPath.evaluate(CompiledPath.java:53)<br/>
                        com.jayway.jsonpath.internal.path.CompiledPath.evaluate(CompiledPath.java:61)<br/>
                        com.jayway.jsonpath.JsonPath.read(JsonPath.java:187)<br/>
                        com.jayway.jsonpath.internal.JsonContext.read(JsonContext.java:102)<br/>
                        com.jayway.jsonpath.internal.JsonContext.read(JsonContext.java:85)<br/>
                        com.qa.API_F02.util.TestUtil.getToken(TestUtil.java:28)<br/>
                        com.qa.API_F02.tests.TestCase_002_WithToken.login(TestCase_002_WithToken.java:70)<br/>
                        sun.reflect.NativeMethodAccessorImpl.invoke0(Native Method)<br/>
                        sun.reflect.NativeMethodAccessorImpl.invoke(NativeMethodAccessorImpl.java:62)<br/>
                        sun.reflect.DelegatingMethodAccessorImpl.invoke(DelegatingMethodAccessorImpl.java:43)<br/>
                        java.lang.reflect.Method.invoke(Method.java:498)<br/>
                        org.testng.internal.MethodInvocationHelper.invokeMethod(MethodInvocationHelper.java:132)<br/>
                        org.testng.internal.TestInvoker.invokeMethod(TestInvoker.java:599)<br/>
                        org.testng.internal.TestInvoker.invokeTestMethod(TestInvoker.java:174)<br/>
                        org.testng.internal.MethodRunner.runInSequence(MethodRunner.java:46)<br/>
                        org.testng.internal.TestInvoker$MethodInvocationAgent.invoke(TestInvoker.java:822)<br/>
                        org.testng.internal.TestInvoker.invokeTestMethods(TestInvoker.java:147)<br/>
                        org.testng.internal.TestMethodWorker.invokeTestMethods(TestMethodWorker.java:146)<br/>
                        org.testng.internal.TestMethodWorker.run(TestMethodWorker.java:128)<br/>
                        java.util.ArrayList.forEach(ArrayList.java:1257)<br/>
                        org.testng.TestRunner.privateRun(TestRunner.java:764)<br/>
                        org.testng.TestRunner.run(TestRunner.java:585)<br/>
                        org.testng.SuiteRunner.runTest(SuiteRunner.java:384)<br/>
                        org.testng.SuiteRunner.runSequentially(SuiteRunner.java:378)<br/>
                        org.testng.SuiteRunner.privateRun(SuiteRunner.java:337)<br/>
                        org.testng.SuiteRunner.run(SuiteRunner.java:286)<br/>
                        org.testng.SuiteRunnerWorker.runSuite(SuiteRunnerWorker.java:53)<br/>
                        org.testng.SuiteRunnerWorker.run(SuiteRunnerWorker.java:96)<br/>
                        org.testng.TestNG.runSuitesSequentially(TestNG.java:1218)<br/>
                        org.testng.TestNG.runSuitesLocally(TestNG.java:1140)<br/>
                        org.testng.TestNG.runSuites(TestNG.java:1069)<br/>
                        org.testng.TestNG.run(TestNG.java:1037)<br/>
                        org.testng.IDEARemoteTestNG.run(IDEARemoteTestNG.java:73)<br/>
                        org.testng.RemoteTestNGStarter.main(RemoteTestNGStarter.java:123)<br/>
                </div>
        </td>
    </tr>
    <tr>
        <td class="method">
                login
        </td>
        <td class="duration">
            1.516s
        </td>
        <td class="result">
            <!-- Display the dependencies for skipped test methods -->

                <i>Method arguments: </i>
                <span class="arguments">
                    null, null, null
                </span>
                <br/>

            <!-- Show logger output for the test -->

                <a href="javascript:toggleElement('exception-5', 'block')"
                   title="Click to expand/collapse">
                    <b>com.jayway.jsonpath.PathNotFoundException: Expected to find an object with property [&apos;token&apos;] in path $ but found &apos;java.lang.String&apos;. This is not a json object according to the JsonProvider: &apos;com.jayway.jsonpath.spi.json.JsonSmartJsonProvider&apos;.</b>
                </a>
                <br/>
                <div class="stackTrace" id="exception-5">
                        com.jayway.jsonpath.internal.path.PropertyPathToken.evaluate(PropertyPathToken.java:71)<br/>
                        com.jayway.jsonpath.internal.path.RootPathToken.evaluate(RootPathToken.java:62)<br/>
                        com.jayway.jsonpath.internal.path.CompiledPath.evaluate(CompiledPath.java:53)<br/>
                        com.jayway.jsonpath.internal.path.CompiledPath.evaluate(CompiledPath.java:61)<br/>
                        com.jayway.jsonpath.JsonPath.read(JsonPath.java:187)<br/>
                        com.jayway.jsonpath.internal.JsonContext.read(JsonContext.java:102)<br/>
                        com.jayway.jsonpath.internal.JsonContext.read(JsonContext.java:89)<br/>
                        com.qa.API_F02.util.TestUtil.getToken(TestUtil.java:28)<br/>
                        com.qa.API_F02.tests.TestCase_002_WithToken.login(TestCase_002_WithToken.java:70)<br/>
                        sun.reflect.NativeMethodAccessorImpl.invoke0(Native Method)<br/>
                        sun.reflect.NativeMethodAccessorImpl.invoke(NativeMethodAccessorImpl.java:62)<br/>
                        sun.reflect.DelegatingMethodAccessorImpl.invoke(DelegatingMethodAccessorImpl.java:43)<br/>
                        java.lang.reflect.Method.invoke(Method.java:498)<br/>
                        org.testng.internal.MethodInvocationHelper.invokeMethod(MethodInvocationHelper.java:132)<br/>
                        org.testng.internal.TestInvoker.invokeMethod(TestInvoker.java:599)<br/>
                        org.testng.internal.TestInvoker.invokeTestMethod(TestInvoker.java:174)<br/>
                        org.testng.internal.MethodRunner.runInSequence(MethodRunner.java:46)<br/>
                        org.testng.internal.TestInvoker$MethodInvocationAgent.invoke(TestInvoker.java:822)<br/>
                        org.testng.internal.TestInvoker.invokeTestMethods(TestInvoker.java:147)<br/>
                        org.testng.internal.TestMethodWorker.invokeTestMethods(TestMethodWorker.java:146)<br/>
                        org.testng.internal.TestMethodWorker.run(TestMethodWorker.java:128)<br/>
                        java.util.ArrayList.forEach(ArrayList.java:1257)<br/>
                        org.testng.TestRunner.privateRun(TestRunner.java:764)<br/>
                        org.testng.TestRunner.run(TestRunner.java:585)<br/>
                        org.testng.SuiteRunner.runTest(SuiteRunner.java:384)<br/>
                        org.testng.SuiteRunner.runSequentially(SuiteRunner.java:378)<br/>
                        org.testng.SuiteRunner.privateRun(SuiteRunner.java:337)<br/>
                        org.testng.SuiteRunner.run(SuiteRunner.java:286)<br/>
                        org.testng.SuiteRunnerWorker.runSuite(SuiteRunnerWorker.java:53)<br/>
                        org.testng.SuiteRunnerWorker.run(SuiteRunnerWorker.java:96)<br/>
                        org.testng.TestNG.runSuitesSequentially(TestNG.java:1218)<br/>
                        org.testng.TestNG.runSuitesLocally(TestNG.java:1140)<br/>
                        org.testng.TestNG.runSuites(TestNG.java:1069)<br/>
                        org.testng.TestNG.run(TestNG.java:1037)<br/>
                        org.testng.IDEARemoteTestNG.run(IDEARemoteTestNG.java:73)<br/>
                        org.testng.RemoteTestNGStarter.main(RemoteTestNGStarter.java:123)<br/>
                </div>
        </td>
    </tr>
    </table>

    <table class="resultsTable" width="100%">
        <tr>
            <th colspan="3" class="header skipped">Skipped Tests</th>
        </tr>
            <tr>
                <td class="group" colspan="3">com.qa.API_F02.tests.TestCase_002_WithToken</td>
            </tr>
    <tr>
        <td class="method">
                deleteMothed
        </td>
        <td class="duration">
            0.000s
        </td>
        <td class="result">
            <!-- Display the dependencies for skipped test methods -->

                    <i>Depends on method(s)</i>
                    <span class="dependency">
                        com.qa.API_F02.tests.TestCase_002_WithToken.getMothed
                    </span>



            <!-- Show logger output for the test -->

        </td>
    </tr>
    <tr>
        <td class="method">
                getMothed
        </td>
        <td class="duration">
            0.000s
        </td>
        <td class="result">
            <!-- Display the dependencies for skipped test methods -->

                    <i>Depends on method(s)</i>
                    <span class="dependency">
                        com.qa.API_F02.tests.TestCase_002_WithToken.login
                    </span>



            <!-- Show logger output for the test -->

        </td>
    </tr>
    </table>

    <table class="resultsTable" width="100%">
        <tr>
            <th colspan="3" class="header passed">Passed Tests</th>
        </tr>
            <tr>
                <td class="group" colspan="3">com.qa.API_F02.tests.TestCase_002_WithToken</td>
            </tr>
    <tr>
        <td class="method">
                login
        </td>
        <td class="duration">
            1.165s
        </td>
        <td class="result">
            <!-- Display the dependencies for skipped test methods -->

                <i>Method arguments: </i>
                <span class="arguments">
                    "/api/login", "eve.holt@reqres.in", "cityslicka03"
                </span>
                <br/>

            <!-- Show logger output for the test -->

        </td>
    </tr>
    <tr>
        <td class="method">
                login
        </td>
        <td class="duration">
            1.144s
        </td>
        <td class="result">
            <!-- Display the dependencies for skipped test methods -->

                <i>Method arguments: </i>
                <span class="arguments">
                    "/api/login", "eve.holt@reqres.in", "cityslicka1"
                </span>
                <br/>

            <!-- Show logger output for the test -->

        </td>
    </tr>
    <tr>
        <td class="method">
                login
        </td>
        <td class="duration">
            1.484s
        </td>
        <td class="result">
            <!-- Display the dependencies for skipped test methods -->

                <i>Method arguments: </i>
                <span class="arguments">
                    "/api/login", "eve.holt@reqres.in", "cityslicka02"
                </span>
                <br/>

            <!-- Show logger output for the test -->

        </td>
    </tr>
    <tr>
        <td class="method">
                login
        </td>
        <td class="duration">
            1.174s
        </td>
        <td class="result">
            <!-- Display the dependencies for skipped test methods -->

                <i>Method arguments: </i>
                <span class="arguments">
                    "/api/login", "eve.holt@reqres.in", "cityslicka01"
                </span>
                <br/>

            <!-- Show logger output for the test -->

        </td>
    </tr>
    <tr>
        <td class="method">
                login
        </td>
        <td class="duration">
            1.158s
        </td>
        <td class="result">
            <!-- Display the dependencies for skipped test methods -->

                <i>Method arguments: </i>
                <span class="arguments">
                    "/api/login", "eve.holt@reqres.in", "cityslicka"
                </span>
                <br/>

            <!-- Show logger output for the test -->

        </td>
    </tr>
    </table>

<script type="text/javascript" src="reportng.js"></script>
</body>
