<?xml version="1.0" encoding="UTF-8"?>
<testsuite name="API_AutoFramework"
           tests="13"
           failures="6"
           errors="0"
           skipped="2"
           time="15.422">
    <properties></properties>

            <testcase
                name="login"
                time="2.045"
                classname="com.qa.loAPI.tests.TestCase_002_WithToken">

            <failure type="com.jayway.jsonpath.PathNotFoundException" message="Expected to find an object with property [&apos;token&apos;] in path $ but found &apos;java.lang.String&apos;. This is not a json object according to the JsonProvider: &apos;com.jayway.jsonpath.spi.json.JsonSmartJsonProvider&apos;.">
                <![CDATA[com.jayway.jsonpath.PathNotFoundException: Expected to find an object with property ['token'] in path $ but found 'java.lang.String'. This is not a json object according to the JsonProvider: 'com.jayway.jsonpath.spi.json.JsonSmartJsonProvider'.
                com.jayway.jsonpath.internal.path.PropertyPathToken.evaluate(PropertyPathToken.java:71)com.jayway.jsonpath.internal.path.RootPathToken.evaluate(RootPathToken.java:62)com.jayway.jsonpath.internal.path.CompiledPath.evaluate(CompiledPath.java:53)com.jayway.jsonpath.internal.path.CompiledPath.evaluate(CompiledPath.java:61)com.jayway.jsonpath.JsonPath.read(JsonPath.java:187)com.jayway.jsonpath.internal.JsonContext.read(JsonContext.java:102)com.jayway.jsonpath.internal.JsonContext.read(JsonContext.java:89)com.qa.API_F02.util.TestUtil.getToken(TestUtil.java:28)com.qa.loAPI.tests.TestCase_002_WithToken.login(TestCase_002_WithToken.java:70)sun.reflect.NativeMethodAccessorImpl.invoke0(Native Method)sun.reflect.NativeMethodAccessorImpl.invoke(NativeMethodAccessorImpl.java:62)sun.reflect.DelegatingMethodAccessorImpl.invoke(DelegatingMethodAccessorImpl.java:43)java.lang.reflect.Method.invoke(Method.java:498)org.testng.internal.MethodInvocationHelper.invokeMethod(MethodInvocationHelper.java:132)org.testng.internal.TestInvoker.invokeMethod(TestInvoker.java:599)org.testng.internal.TestInvoker.invokeTestMethod(TestInvoker.java:174)org.testng.internal.MethodRunner.runInSequence(MethodRunner.java:46)org.testng.internal.TestInvoker$MethodInvocationAgent.invoke(TestInvoker.java:822)org.testng.internal.TestInvoker.invokeTestMethods(TestInvoker.java:147)org.testng.internal.TestMethodWorker.invokeTestMethods(TestMethodWorker.java:146)org.testng.internal.TestMethodWorker.run(TestMethodWorker.java:128)java.util.ArrayList.forEach(ArrayList.java:1257)org.testng.TestRunner.privateRun(TestRunner.java:764)org.testng.TestRunner.run(TestRunner.java:585)org.testng.SuiteRunner.runTest(SuiteRunner.java:384)org.testng.SuiteRunner.runSequentially(SuiteRunner.java:378)org.testng.SuiteRunner.privateRun(SuiteRunner.java:337)org.testng.SuiteRunner.run(SuiteRunner.java:286)org.testng.SuiteRunnerWorker.runSuite(SuiteRunnerWorker.java:53)org.testng.SuiteRunnerWorker.run(SuiteRunnerWorker.java:96)org.testng.TestNG.runSuitesSequentially(TestNG.java:1218)org.testng.TestNG.runSuitesLocally(TestNG.java:1140)org.testng.TestNG.runSuites(TestNG.java:1069)org.testng.TestNG.run(TestNG.java:1037)org.testng.IDEARemoteTestNG.run(IDEARemoteTestNG.java:73)org.testng.RemoteTestNGStarter.main(RemoteTestNGStarter.java:123)
]]>
            </failure>
    </testcase>
            <testcase
                name="login"
                time="1.175"
                classname="com.qa.loAPI.tests.TestCase_002_WithToken">

            <failure type="com.jayway.jsonpath.PathNotFoundException" message="Expected to find an object with property [&apos;token&apos;] in path $ but found &apos;java.lang.String&apos;. This is not a json object according to the JsonProvider: &apos;com.jayway.jsonpath.spi.json.JsonSmartJsonProvider&apos;.">
                <![CDATA[com.jayway.jsonpath.PathNotFoundException: Expected to find an object with property ['token'] in path $ but found 'java.lang.String'. This is not a json object according to the JsonProvider: 'com.jayway.jsonpath.spi.json.JsonSmartJsonProvider'.
                com.jayway.jsonpath.internal.path.PropertyPathToken.evaluate(PropertyPathToken.java:71)com.jayway.jsonpath.internal.path.RootPathToken.evaluate(RootPathToken.java:62)com.jayway.jsonpath.internal.path.CompiledPath.evaluate(CompiledPath.java:53)com.jayway.jsonpath.internal.path.CompiledPath.evaluate(CompiledPath.java:61)com.jayway.jsonpath.JsonPath.read(JsonPath.java:187)com.jayway.jsonpath.internal.JsonContext.read(JsonContext.java:102)com.jayway.jsonpath.internal.JsonContext.read(JsonContext.java:85)com.qa.API_F02.util.TestUtil.getToken(TestUtil.java:28)com.qa.loAPI.tests.TestCase_002_WithToken.login(TestCase_002_WithToken.java:70)sun.reflect.NativeMethodAccessorImpl.invoke0(Native Method)sun.reflect.NativeMethodAccessorImpl.invoke(NativeMethodAccessorImpl.java:62)sun.reflect.DelegatingMethodAccessorImpl.invoke(DelegatingMethodAccessorImpl.java:43)java.lang.reflect.Method.invoke(Method.java:498)org.testng.internal.MethodInvocationHelper.invokeMethod(MethodInvocationHelper.java:132)org.testng.internal.TestInvoker.invokeMethod(TestInvoker.java:599)org.testng.internal.TestInvoker.invokeTestMethod(TestInvoker.java:174)org.testng.internal.MethodRunner.runInSequence(MethodRunner.java:46)org.testng.internal.TestInvoker$MethodInvocationAgent.invoke(TestInvoker.java:822)org.testng.internal.TestInvoker.invokeTestMethods(TestInvoker.java:147)org.testng.internal.TestMethodWorker.invokeTestMethods(TestMethodWorker.java:146)org.testng.internal.TestMethodWorker.run(TestMethodWorker.java:128)java.util.ArrayList.forEach(ArrayList.java:1257)org.testng.TestRunner.privateRun(TestRunner.java:764)org.testng.TestRunner.run(TestRunner.java:585)org.testng.SuiteRunner.runTest(SuiteRunner.java:384)org.testng.SuiteRunner.runSequentially(SuiteRunner.java:378)org.testng.SuiteRunner.privateRun(SuiteRunner.java:337)org.testng.SuiteRunner.run(SuiteRunner.java:286)org.testng.SuiteRunnerWorker.runSuite(SuiteRunnerWorker.java:53)org.testng.SuiteRunnerWorker.run(SuiteRunnerWorker.java:96)org.testng.TestNG.runSuitesSequentially(TestNG.java:1218)org.testng.TestNG.runSuitesLocally(TestNG.java:1140)org.testng.TestNG.runSuites(TestNG.java:1069)org.testng.TestNG.run(TestNG.java:1037)org.testng.IDEARemoteTestNG.run(IDEARemoteTestNG.java:73)org.testng.RemoteTestNGStarter.main(RemoteTestNGStarter.java:123)
]]>
            </failure>
    </testcase>
            <testcase
                name="login"
                time="1.187"
                classname="com.qa.loAPI.tests.TestCase_002_WithToken">

            <failure type="com.jayway.jsonpath.PathNotFoundException" message="No results for path: $[&apos;token&apos;]">
                <![CDATA[com.jayway.jsonpath.PathNotFoundException: No results for path: $['token']
                com.jayway.jsonpath.internal.path.EvaluationContextImpl.getValue(EvaluationContextImpl.java:133)com.jayway.jsonpath.JsonPath.read(JsonPath.java:187)com.jayway.jsonpath.internal.JsonContext.read(JsonContext.java:102)com.jayway.jsonpath.internal.JsonContext.read(JsonContext.java:85)com.qa.API_F02.util.TestUtil.getToken(TestUtil.java:28)com.qa.loAPI.tests.TestCase_002_WithToken.login(TestCase_002_WithToken.java:70)sun.reflect.NativeMethodAccessorImpl.invoke0(Native Method)sun.reflect.NativeMethodAccessorImpl.invoke(NativeMethodAccessorImpl.java:62)sun.reflect.DelegatingMethodAccessorImpl.invoke(DelegatingMethodAccessorImpl.java:43)java.lang.reflect.Method.invoke(Method.java:498)org.testng.internal.MethodInvocationHelper.invokeMethod(MethodInvocationHelper.java:132)org.testng.internal.TestInvoker.invokeMethod(TestInvoker.java:599)org.testng.internal.TestInvoker.invokeTestMethod(TestInvoker.java:174)org.testng.internal.MethodRunner.runInSequence(MethodRunner.java:46)org.testng.internal.TestInvoker$MethodInvocationAgent.invoke(TestInvoker.java:822)org.testng.internal.TestInvoker.invokeTestMethods(TestInvoker.java:147)org.testng.internal.TestMethodWorker.invokeTestMethods(TestMethodWorker.java:146)org.testng.internal.TestMethodWorker.run(TestMethodWorker.java:128)java.util.ArrayList.forEach(ArrayList.java:1257)org.testng.TestRunner.privateRun(TestRunner.java:764)org.testng.TestRunner.run(TestRunner.java:585)org.testng.SuiteRunner.runTest(SuiteRunner.java:384)org.testng.SuiteRunner.runSequentially(SuiteRunner.java:378)org.testng.SuiteRunner.privateRun(SuiteRunner.java:337)org.testng.SuiteRunner.run(SuiteRunner.java:286)org.testng.SuiteRunnerWorker.runSuite(SuiteRunnerWorker.java:53)org.testng.SuiteRunnerWorker.run(SuiteRunnerWorker.java:96)org.testng.TestNG.runSuitesSequentially(TestNG.java:1218)org.testng.TestNG.runSuitesLocally(TestNG.java:1140)org.testng.TestNG.runSuites(TestNG.java:1069)org.testng.TestNG.run(TestNG.java:1037)org.testng.IDEARemoteTestNG.run(IDEARemoteTestNG.java:73)org.testng.RemoteTestNGStarter.main(RemoteTestNGStarter.java:123)
]]>
            </failure>
    </testcase>
            <testcase
                name="login"
                time="1.172"
                classname="com.qa.loAPI.tests.TestCase_002_WithToken">

            <failure type="com.jayway.jsonpath.PathNotFoundException" message="No results for path: $[&apos;token&apos;]">
                <![CDATA[com.jayway.jsonpath.PathNotFoundException: No results for path: $['token']
                com.jayway.jsonpath.internal.path.EvaluationContextImpl.getValue(EvaluationContextImpl.java:133)com.jayway.jsonpath.JsonPath.read(JsonPath.java:187)com.jayway.jsonpath.internal.JsonContext.read(JsonContext.java:102)com.jayway.jsonpath.internal.JsonContext.read(JsonContext.java:85)com.qa.API_F02.util.TestUtil.getToken(TestUtil.java:28)com.qa.loAPI.tests.TestCase_002_WithToken.login(TestCase_002_WithToken.java:70)sun.reflect.NativeMethodAccessorImpl.invoke0(Native Method)sun.reflect.NativeMethodAccessorImpl.invoke(NativeMethodAccessorImpl.java:62)sun.reflect.DelegatingMethodAccessorImpl.invoke(DelegatingMethodAccessorImpl.java:43)java.lang.reflect.Method.invoke(Method.java:498)org.testng.internal.MethodInvocationHelper.invokeMethod(MethodInvocationHelper.java:132)org.testng.internal.TestInvoker.invokeMethod(TestInvoker.java:599)org.testng.internal.TestInvoker.invokeTestMethod(TestInvoker.java:174)org.testng.internal.MethodRunner.runInSequence(MethodRunner.java:46)org.testng.internal.TestInvoker$MethodInvocationAgent.invoke(TestInvoker.java:822)org.testng.internal.TestInvoker.invokeTestMethods(TestInvoker.java:147)org.testng.internal.TestMethodWorker.invokeTestMethods(TestMethodWorker.java:146)org.testng.internal.TestMethodWorker.run(TestMethodWorker.java:128)java.util.ArrayList.forEach(ArrayList.java:1257)org.testng.TestRunner.privateRun(TestRunner.java:764)org.testng.TestRunner.run(TestRunner.java:585)org.testng.SuiteRunner.runTest(SuiteRunner.java:384)org.testng.SuiteRunner.runSequentially(SuiteRunner.java:378)org.testng.SuiteRunner.privateRun(SuiteRunner.java:337)org.testng.SuiteRunner.run(SuiteRunner.java:286)org.testng.SuiteRunnerWorker.runSuite(SuiteRunnerWorker.java:53)org.testng.SuiteRunnerWorker.run(SuiteRunnerWorker.java:96)org.testng.TestNG.runSuitesSequentially(TestNG.java:1218)org.testng.TestNG.runSuitesLocally(TestNG.java:1140)org.testng.TestNG.runSuites(TestNG.java:1069)org.testng.TestNG.run(TestNG.java:1037)org.testng.IDEARemoteTestNG.run(IDEARemoteTestNG.java:73)org.testng.RemoteTestNGStarter.main(RemoteTestNGStarter.java:123)
]]>
            </failure>
    </testcase>
            <testcase
                name="login"
                time="1.204"
                classname="com.qa.loAPI.tests.TestCase_002_WithToken">

            <failure type="com.jayway.jsonpath.PathNotFoundException" message="No results for path: $[&apos;token&apos;]">
                <![CDATA[com.jayway.jsonpath.PathNotFoundException: No results for path: $['token']
                com.jayway.jsonpath.internal.path.EvaluationContextImpl.getValue(EvaluationContextImpl.java:133)com.jayway.jsonpath.JsonPath.read(JsonPath.java:187)com.jayway.jsonpath.internal.JsonContext.read(JsonContext.java:102)com.jayway.jsonpath.internal.JsonContext.read(JsonContext.java:85)com.qa.API_F02.util.TestUtil.getToken(TestUtil.java:28)com.qa.loAPI.tests.TestCase_002_WithToken.login(TestCase_002_WithToken.java:70)sun.reflect.NativeMethodAccessorImpl.invoke0(Native Method)sun.reflect.NativeMethodAccessorImpl.invoke(NativeMethodAccessorImpl.java:62)sun.reflect.DelegatingMethodAccessorImpl.invoke(DelegatingMethodAccessorImpl.java:43)java.lang.reflect.Method.invoke(Method.java:498)org.testng.internal.MethodInvocationHelper.invokeMethod(MethodInvocationHelper.java:132)org.testng.internal.TestInvoker.invokeMethod(TestInvoker.java:599)org.testng.internal.TestInvoker.invokeTestMethod(TestInvoker.java:174)org.testng.internal.MethodRunner.runInSequence(MethodRunner.java:46)org.testng.internal.TestInvoker$MethodInvocationAgent.invoke(TestInvoker.java:822)org.testng.internal.TestInvoker.invokeTestMethods(TestInvoker.java:147)org.testng.internal.TestMethodWorker.invokeTestMethods(TestMethodWorker.java:146)org.testng.internal.TestMethodWorker.run(TestMethodWorker.java:128)java.util.ArrayList.forEach(ArrayList.java:1257)org.testng.TestRunner.privateRun(TestRunner.java:764)org.testng.TestRunner.run(TestRunner.java:585)org.testng.SuiteRunner.runTest(SuiteRunner.java:384)org.testng.SuiteRunner.runSequentially(SuiteRunner.java:378)org.testng.SuiteRunner.privateRun(SuiteRunner.java:337)org.testng.SuiteRunner.run(SuiteRunner.java:286)org.testng.SuiteRunnerWorker.runSuite(SuiteRunnerWorker.java:53)org.testng.SuiteRunnerWorker.run(SuiteRunnerWorker.java:96)org.testng.TestNG.runSuitesSequentially(TestNG.java:1218)org.testng.TestNG.runSuitesLocally(TestNG.java:1140)org.testng.TestNG.runSuites(TestNG.java:1069)org.testng.TestNG.run(TestNG.java:1037)org.testng.IDEARemoteTestNG.run(IDEARemoteTestNG.java:73)org.testng.RemoteTestNGStarter.main(RemoteTestNGStarter.java:123)
]]>
            </failure>
    </testcase>
            <testcase
                name="login"
                time="1.829"
                classname="com.qa.loAPI.tests.TestCase_002_WithToken">

            <failure type="com.jayway.jsonpath.PathNotFoundException" message="No results for path: $[&apos;token&apos;]">
                <![CDATA[com.jayway.jsonpath.PathNotFoundException: No results for path: $['token']
                com.jayway.jsonpath.internal.path.EvaluationContextImpl.getValue(EvaluationContextImpl.java:133)com.jayway.jsonpath.JsonPath.read(JsonPath.java:187)com.jayway.jsonpath.internal.JsonContext.read(JsonContext.java:102)com.jayway.jsonpath.internal.JsonContext.read(JsonContext.java:85)com.qa.API_F02.util.TestUtil.getToken(TestUtil.java:28)com.qa.loAPI.tests.TestCase_002_WithToken.login(TestCase_002_WithToken.java:70)sun.reflect.NativeMethodAccessorImpl.invoke0(Native Method)sun.reflect.NativeMethodAccessorImpl.invoke(NativeMethodAccessorImpl.java:62)sun.reflect.DelegatingMethodAccessorImpl.invoke(DelegatingMethodAccessorImpl.java:43)java.lang.reflect.Method.invoke(Method.java:498)org.testng.internal.MethodInvocationHelper.invokeMethod(MethodInvocationHelper.java:132)org.testng.internal.TestInvoker.invokeMethod(TestInvoker.java:599)org.testng.internal.TestInvoker.invokeTestMethod(TestInvoker.java:174)org.testng.internal.MethodRunner.runInSequence(MethodRunner.java:46)org.testng.internal.TestInvoker$MethodInvocationAgent.invoke(TestInvoker.java:822)org.testng.internal.TestInvoker.invokeTestMethods(TestInvoker.java:147)org.testng.internal.TestMethodWorker.invokeTestMethods(TestMethodWorker.java:146)org.testng.internal.TestMethodWorker.run(TestMethodWorker.java:128)java.util.ArrayList.forEach(ArrayList.java:1257)org.testng.TestRunner.privateRun(TestRunner.java:764)org.testng.TestRunner.run(TestRunner.java:585)org.testng.SuiteRunner.runTest(SuiteRunner.java:384)org.testng.SuiteRunner.runSequentially(SuiteRunner.java:378)org.testng.SuiteRunner.privateRun(SuiteRunner.java:337)org.testng.SuiteRunner.run(SuiteRunner.java:286)org.testng.SuiteRunnerWorker.runSuite(SuiteRunnerWorker.java:53)org.testng.SuiteRunnerWorker.run(SuiteRunnerWorker.java:96)org.testng.TestNG.runSuitesSequentially(TestNG.java:1218)org.testng.TestNG.runSuitesLocally(TestNG.java:1140)org.testng.TestNG.runSuites(TestNG.java:1069)org.testng.TestNG.run(TestNG.java:1037)org.testng.IDEARemoteTestNG.run(IDEARemoteTestNG.java:73)org.testng.RemoteTestNGStarter.main(RemoteTestNGStarter.java:123)
]]>
            </failure>
    </testcase>

            <testcase
                name="getMothed"
                time="0.0"
                classname="com.qa.loAPI.tests.TestCase_002_WithToken">
            </testcase>
            <testcase
                name="deleteMothed"
                time="0.0"
                classname="com.qa.loAPI.tests.TestCase_002_WithToken">
            </testcase>

            <testcase
                name="login"
                time="2.123"
                classname="com.qa.loAPI.tests.TestCase_002_WithToken">
            </testcase>
            <testcase
                name="login"
                time="1.219"
                classname="com.qa.loAPI.tests.TestCase_002_WithToken">
            </testcase>
            <testcase
                name="login"
                time="1.028"
                classname="com.qa.loAPI.tests.TestCase_002_WithToken">
            </testcase>
            <testcase
                name="login"
                time="1.237"
                classname="com.qa.loAPI.tests.TestCase_002_WithToken">
            </testcase>
            <testcase
                name="login"
                time="1.203"
                classname="com.qa.loAPI.tests.TestCase_002_WithToken">
            </testcase>
</testsuite>
